{"C:\\Users\\SnehaNagaraju\\Projects\\RadiaAi-2.0\\frontend\\src\\radia_ai\\features\\jamaRequirementReviewer\\components\\fileUploadTextCleaner.ts": {"path":"C:\\Users\\SnehaNagaraju\\Projects\\RadiaAi-2.0\\frontend\\src\\radia_ai\\features\\jamaRequirementReviewer\\components\\fileUploadTextCleaner.ts","statementMap":{"0":{"start":{"line":1,"column":33},"end":{"line":10,"column":null}},"1":{"start":{"line":21,"column":16},"end":{"line":23,"column":null}},"2":{"start":{"line":25,"column":18},"end":{"line":38,"column":null}},"3":{"start":{"line":26,"column":14},"end":{"line":26,"column":null}},"4":{"start":{"line":27,"column":4},"end":{"line":27,"column":null}},"5":{"start":{"line":27,"column":12},"end":{"line":27,"column":null}},"6":{"start":{"line":28,"column":4},"end":{"line":28,"column":null}},"7":{"start":{"line":28,"column":60},"end":{"line":28,"column":null}},"8":{"start":{"line":29,"column":4},"end":{"line":29,"column":null}},"9":{"start":{"line":29,"column":38},"end":{"line":29,"column":null}},"10":{"start":{"line":30,"column":4},"end":{"line":30,"column":null}},"11":{"start":{"line":30,"column":41},"end":{"line":30,"column":null}},"12":{"start":{"line":31,"column":4},"end":{"line":31,"column":null}},"13":{"start":{"line":31,"column":55},"end":{"line":31,"column":null}},"14":{"start":{"line":32,"column":4},"end":{"line":32,"column":null}},"15":{"start":{"line":32,"column":30},"end":{"line":32,"column":null}},"16":{"start":{"line":33,"column":4},"end":{"line":33,"column":null}},"17":{"start":{"line":33,"column":43},"end":{"line":33,"column":null}},"18":{"start":{"line":34,"column":4},"end":{"line":34,"column":null}},"19":{"start":{"line":34,"column":80},"end":{"line":34,"column":null}},"20":{"start":{"line":35,"column":4},"end":{"line":35,"column":null}},"21":{"start":{"line":35,"column":36},"end":{"line":35,"column":null}},"22":{"start":{"line":36,"column":4},"end":{"line":36,"column":null}},"23":{"start":{"line":36,"column":31},"end":{"line":36,"column":null}},"24":{"start":{"line":37,"column":4},"end":{"line":37,"column":null}},"25":{"start":{"line":40,"column":21},"end":{"line":40,"column":null}},"26":{"start":{"line":42,"column":2},"end":{"line":48,"column":null}},"27":{"start":{"line":46,"column":19},"end":{"line":46,"column":33}},"28":{"start":{"line":52,"column":25},"end":{"line":52,"column":null}},"29":{"start":{"line":52,"column":51},"end":{"line":52,"column":84}},"30":{"start":{"line":53,"column":2},"end":{"line":53,"column":null}},"31":{"start":{"line":53,"column":29},"end":{"line":53,"column":null}},"32":{"start":{"line":55,"column":24},"end":{"line":55,"column":null}},"33":{"start":{"line":56,"column":2},"end":{"line":56,"column":null}},"34":{"start":{"line":56,"column":28},"end":{"line":56,"column":null}},"35":{"start":{"line":58,"column":2},"end":{"line":58,"column":null}},"36":{"start":{"line":62,"column":2},"end":{"line":73,"column":null}},"37":{"start":{"line":62,"column":19},"end":{"line":62,"column":31}},"38":{"start":{"line":63,"column":4},"end":{"line":72,"column":null}},"39":{"start":{"line":63,"column":21},"end":{"line":63,"column":24}},"40":{"start":{"line":64,"column":24},"end":{"line":64,"column":null}},"41":{"start":{"line":65,"column":6},"end":{"line":65,"column":null}},"42":{"start":{"line":65,"column":38},"end":{"line":65,"column":null}},"43":{"start":{"line":66,"column":6},"end":{"line":66,"column":null}},"44":{"start":{"line":66,"column":35},"end":{"line":66,"column":47}},"45":{"start":{"line":66,"column":50},"end":{"line":66,"column":null}},"46":{"start":{"line":68,"column":21},"end":{"line":68,"column":null}},"47":{"start":{"line":69,"column":6},"end":{"line":71,"column":null}},"48":{"start":{"line":69,"column":51},"end":{"line":69,"column":86}},"49":{"start":{"line":70,"column":8},"end":{"line":70,"column":null}},"50":{"start":{"line":75,"column":2},"end":{"line":75,"column":null}},"51":{"start":{"line":79,"column":26},"end":{"line":79,"column":null}},"52":{"start":{"line":80,"column":2},"end":{"line":80,"column":null}}},"fnMap":{"0":{"name":"cleanExtractedText","decl":{"start":{"line":20,"column":16},"end":{"line":20,"column":35}},"loc":{"start":{"line":20,"column":56},"end":{"line":49,"column":null}},"line":20},"1":{"name":"(anonymous_1)","decl":{"start":{"line":25,"column":31},"end":{"line":25,"column":32}},"loc":{"start":{"line":25,"column":41},"end":{"line":38,"column":3}},"line":25},"2":{"name":"(anonymous_2)","decl":{"start":{"line":46,"column":9},"end":{"line":46,"column":10}},"loc":{"start":{"line":46,"column":19},"end":{"line":46,"column":33}},"line":46},"3":{"name":"truncateTrailingMetadata","decl":{"start":{"line":51,"column":9},"end":{"line":51,"column":34}},"loc":{"start":{"line":51,"column":61},"end":{"line":59,"column":null}},"line":51},"4":{"name":"(anonymous_4)","decl":{"start":{"line":52,"column":41},"end":{"line":52,"column":42}},"loc":{"start":{"line":52,"column":51},"end":{"line":52,"column":84}},"line":52},"5":{"name":"findTrailingMetadataIndex","decl":{"start":{"line":61,"column":9},"end":{"line":61,"column":35}},"loc":{"start":{"line":61,"column":80},"end":{"line":76,"column":null}},"line":61},"6":{"name":"(anonymous_6)","decl":{"start":{"line":66,"column":25},"end":{"line":66,"column":26}},"loc":{"start":{"line":66,"column":35},"end":{"line":66,"column":47}},"line":66},"7":{"name":"(anonymous_7)","decl":{"start":{"line":69,"column":40},"end":{"line":69,"column":41}},"loc":{"start":{"line":69,"column":51},"end":{"line":69,"column":86}},"line":69},"8":{"name":"isMetadataLabelMatch","decl":{"start":{"line":78,"column":9},"end":{"line":78,"column":30}},"loc":{"start":{"line":78,"column":73},"end":{"line":81,"column":null}},"line":78}},"branchMap":{"0":{"loc":{"start":{"line":27,"column":4},"end":{"line":27,"column":null}},"type":"if","locations":[{"start":{"line":27,"column":4},"end":{"line":27,"column":null}},{"start":{},"end":{}}],"line":27},"1":{"loc":{"start":{"line":28,"column":4},"end":{"line":28,"column":null}},"type":"if","locations":[{"start":{"line":28,"column":4},"end":{"line":28,"column":null}},{"start":{},"end":{}}],"line":28},"2":{"loc":{"start":{"line":29,"column":4},"end":{"line":29,"column":null}},"type":"if","locations":[{"start":{"line":29,"column":4},"end":{"line":29,"column":null}},{"start":{},"end":{}}],"line":29},"3":{"loc":{"start":{"line":30,"column":4},"end":{"line":30,"column":null}},"type":"if","locations":[{"start":{"line":30,"column":4},"end":{"line":30,"column":null}},{"start":{},"end":{}}],"line":30},"4":{"loc":{"start":{"line":31,"column":4},"end":{"line":31,"column":null}},"type":"if","locations":[{"start":{"line":31,"column":4},"end":{"line":31,"column":null}},{"start":{},"end":{}}],"line":31},"5":{"loc":{"start":{"line":32,"column":4},"end":{"line":32,"column":null}},"type":"if","locations":[{"start":{"line":32,"column":4},"end":{"line":32,"column":null}},{"start":{},"end":{}}],"line":32},"6":{"loc":{"start":{"line":33,"column":4},"end":{"line":33,"column":null}},"type":"if","locations":[{"start":{"line":33,"column":4},"end":{"line":33,"column":null}},{"start":{},"end":{}}],"line":33},"7":{"loc":{"start":{"line":34,"column":4},"end":{"line":34,"column":null}},"type":"if","locations":[{"start":{"line":34,"column":4},"end":{"line":34,"column":null}},{"start":{},"end":{}}],"line":34},"8":{"loc":{"start":{"line":35,"column":4},"end":{"line":35,"column":null}},"type":"if","locations":[{"start":{"line":35,"column":4},"end":{"line":35,"column":null}},{"start":{},"end":{}}],"line":35},"9":{"loc":{"start":{"line":36,"column":4},"end":{"line":36,"column":null}},"type":"if","locations":[{"start":{"line":36,"column":4},"end":{"line":36,"column":null}},{"start":{},"end":{}}],"line":36},"10":{"loc":{"start":{"line":53,"column":2},"end":{"line":53,"column":null}},"type":"if","locations":[{"start":{"line":53,"column":2},"end":{"line":53,"column":null}},{"start":{},"end":{}}],"line":53},"11":{"loc":{"start":{"line":56,"column":2},"end":{"line":56,"column":null}},"type":"if","locations":[{"start":{"line":56,"column":2},"end":{"line":56,"column":null}},{"start":{},"end":{}}],"line":56},"12":{"loc":{"start":{"line":65,"column":6},"end":{"line":65,"column":null}},"type":"if","locations":[{"start":{"line":65,"column":6},"end":{"line":65,"column":null}},{"start":{},"end":{}}],"line":65},"13":{"loc":{"start":{"line":66,"column":6},"end":{"line":66,"column":null}},"type":"if","locations":[{"start":{"line":66,"column":6},"end":{"line":66,"column":null}},{"start":{},"end":{}}],"line":66},"14":{"loc":{"start":{"line":69,"column":6},"end":{"line":71,"column":null}},"type":"if","locations":[{"start":{"line":69,"column":6},"end":{"line":71,"column":null}},{"start":{},"end":{}}],"line":69},"15":{"loc":{"start":{"line":80,"column":9},"end":{"line":80,"column":null}},"type":"binary-expr","locations":[{"start":{"line":80,"column":9},"end":{"line":80,"column":42}},{"start":{"line":80,"column":42},"end":{"line":80,"column":null}}],"line":80}},"s":{"0":1,"1":3,"2":3,"3":45,"4":45,"5":0,"6":45,"7":3,"8":42,"9":0,"10":42,"11":0,"12":42,"13":0,"14":42,"15":0,"16":42,"17":0,"18":42,"19":0,"20":42,"21":0,"22":42,"23":0,"24":42,"25":3,"26":3,"27":30,"28":3,"29":27,"30":3,"31":0,"32":3,"33":3,"34":0,"35":3,"36":3,"37":3,"38":6,"39":6,"40":15,"41":15,"42":0,"43":15,"44":42,"45":0,"46":15,"47":15,"48":99,"49":3,"50":3,"51":99,"52":99},"f":{"0":3,"1":45,"2":30,"3":3,"4":27,"5":3,"6":42,"7":99,"8":99},"b":{"0":[0,45],"1":[3,42],"2":[0,42],"3":[0,42],"4":[0,42],"5":[0,42],"6":[0,42],"7":[0,42],"8":[0,42],"9":[0,42],"10":[0,3],"11":[0,3],"12":[0,15],"13":[0,15],"14":[3,12],"15":[99,99]},"meta":{"lastBranch":16,"lastFunction":9,"lastStatement":53,"seen":{"s:1:33:10:Infinity":0,"f:20:16:20:35":0,"s:21:16:23:Infinity":1,"s:25:18:38:Infinity":2,"f:25:31:25:32":1,"s:26:14:26:Infinity":3,"b:27:4:27:Infinity:undefined:undefined:undefined:undefined":0,"s:27:4:27:Infinity":4,"s:27:12:27:Infinity":5,"b:28:4:28:Infinity:undefined:undefined:undefined:undefined":1,"s:28:4:28:Infinity":6,"s:28:60:28:Infinity":7,"b:29:4:29:Infinity:undefined:undefined:undefined:undefined":2,"s:29:4:29:Infinity":8,"s:29:38:29:Infinity":9,"b:30:4:30:Infinity:undefined:undefined:undefined:undefined":3,"s:30:4:30:Infinity":10,"s:30:41:30:Infinity":11,"b:31:4:31:Infinity:undefined:undefined:undefined:undefined":4,"s:31:4:31:Infinity":12,"s:31:55:31:Infinity":13,"b:32:4:32:Infinity:undefined:undefined:undefined:undefined":5,"s:32:4:32:Infinity":14,"s:32:30:32:Infinity":15,"b:33:4:33:Infinity:undefined:undefined:undefined:undefined":6,"s:33:4:33:Infinity":16,"s:33:43:33:Infinity":17,"b:34:4:34:Infinity:undefined:undefined:undefined:undefined":7,"s:34:4:34:Infinity":18,"s:34:80:34:Infinity":19,"b:35:4:35:Infinity:undefined:undefined:undefined:undefined":8,"s:35:4:35:Infinity":20,"s:35:36:35:Infinity":21,"b:36:4:36:Infinity:undefined:undefined:undefined:undefined":9,"s:36:4:36:Infinity":22,"s:36:31:36:Infinity":23,"s:37:4:37:Infinity":24,"s:40:21:40:Infinity":25,"s:42:2:48:Infinity":26,"f:46:9:46:10":2,"s:46:19:46:33":27,"f:51:9:51:34":3,"s:52:25:52:Infinity":28,"f:52:41:52:42":4,"s:52:51:52:84":29,"b:53:2:53:Infinity:undefined:undefined:undefined:undefined":10,"s:53:2:53:Infinity":30,"s:53:29:53:Infinity":31,"s:55:24:55:Infinity":32,"b:56:2:56:Infinity:undefined:undefined:undefined:undefined":11,"s:56:2:56:Infinity":33,"s:56:28:56:Infinity":34,"s:58:2:58:Infinity":35,"f:61:9:61:35":5,"s:62:2:73:Infinity":36,"s:62:19:62:31":37,"s:63:4:72:Infinity":38,"s:63:21:63:24":39,"s:64:24:64:Infinity":40,"b:65:6:65:Infinity:undefined:undefined:undefined:undefined":12,"s:65:6:65:Infinity":41,"s:65:38:65:Infinity":42,"b:66:6:66:Infinity:undefined:undefined:undefined:undefined":13,"s:66:6:66:Infinity":43,"f:66:25:66:26":6,"s:66:35:66:47":44,"s:66:50:66:Infinity":45,"s:68:21:68:Infinity":46,"b:69:6:71:Infinity:undefined:undefined:undefined:undefined":14,"s:69:6:71:Infinity":47,"f:69:40:69:41":7,"s:69:51:69:86":48,"s:70:8:70:Infinity":49,"s:75:2:75:Infinity":50,"f:78:9:78:30":8,"s:79:26:79:Infinity":51,"s:80:2:80:Infinity":52,"b:80:9:80:42:80:42:80:Infinity":15},"fnNames":{}}}
,"C:\\Users\\SnehaNagaraju\\Projects\\RadiaAi-2.0\\frontend\\src\\radia_ai\\features\\jamaRequirementReviewer\\utils\\requirementNormalization.ts": {"path":"C:\\Users\\SnehaNagaraju\\Projects\\RadiaAi-2.0\\frontend\\src\\radia_ai\\features\\jamaRequirementReviewer\\utils\\requirementNormalization.ts","statementMap":{"0":{"start":{"line":10,"column":55},"end":{"line":34,"column":null}},"1":{"start":{"line":36,"column":26},"end":{"line":36,"column":null}},"2":{"start":{"line":37,"column":33},"end":{"line":37,"column":null}},"3":{"start":{"line":37,"column":63},"end":{"line":37,"column":68}},"4":{"start":{"line":37,"column":88},"end":{"line":37,"column":117}},"5":{"start":{"line":40,"column":2},"end":{"line":40,"column":null}},"6":{"start":{"line":44,"column":10},"end":{"line":44,"column":null}},"7":{"start":{"line":45,"column":2},"end":{"line":45,"column":null}},"8":{"start":{"line":46,"column":2},"end":{"line":46,"column":null}},"9":{"start":{"line":47,"column":2},"end":{"line":47,"column":null}},"10":{"start":{"line":48,"column":2},"end":{"line":48,"column":null}},"11":{"start":{"line":53,"column":18},"end":{"line":53,"column":null}},"12":{"start":{"line":54,"column":2},"end":{"line":60,"column":null}},"13":{"start":{"line":55,"column":4},"end":{"line":55,"column":null}},"14":{"start":{"line":55,"column":27},"end":{"line":55,"column":null}},"15":{"start":{"line":56,"column":4},"end":{"line":59,"column":null}},"16":{"start":{"line":57,"column":24},"end":{"line":57,"column":null}},"17":{"start":{"line":58,"column":6},"end":{"line":58,"column":null}},"18":{"start":{"line":61,"column":2},"end":{"line":61,"column":null}},"19":{"start":{"line":65,"column":2},"end":{"line":65,"column":null}},"20":{"start":{"line":69,"column":18},"end":{"line":69,"column":null}},"21":{"start":{"line":70,"column":15},"end":{"line":70,"column":null}},"22":{"start":{"line":71,"column":2},"end":{"line":77,"column":null}},"23":{"start":{"line":72,"column":18},"end":{"line":72,"column":null}},"24":{"start":{"line":73,"column":18},"end":{"line":73,"column":null}},"25":{"start":{"line":74,"column":4},"end":{"line":76,"column":null}},"26":{"start":{"line":75,"column":6},"end":{"line":75,"column":null}},"27":{"start":{"line":78,"column":2},"end":{"line":78,"column":null}},"28":{"start":{"line":82,"column":2},"end":{"line":85,"column":null}},"29":{"start":{"line":83,"column":18},"end":{"line":83,"column":null}},"30":{"start":{"line":84,"column":4},"end":{"line":84,"column":null}},"31":{"start":{"line":90,"column":2},"end":{"line":90,"column":null}},"32":{"start":{"line":94,"column":2},"end":{"line":94,"column":null}},"33":{"start":{"line":104,"column":16},"end":{"line":107,"column":null}},"34":{"start":{"line":109,"column":30},"end":{"line":109,"column":null}},"35":{"start":{"line":110,"column":43},"end":{"line":110,"column":null}},"36":{"start":{"line":111,"column":36},"end":{"line":111,"column":null}},"37":{"start":{"line":112,"column":19},"end":{"line":112,"column":null}},"38":{"start":{"line":113,"column":20},"end":{"line":113,"column":null}},"39":{"start":{"line":114,"column":21},"end":{"line":114,"column":null}},"40":{"start":{"line":116,"column":2},"end":{"line":148,"column":null}},"41":{"start":{"line":117,"column":4},"end":{"line":117,"column":null}},"42":{"start":{"line":117,"column":15},"end":{"line":117,"column":null}},"43":{"start":{"line":118,"column":4},"end":{"line":118,"column":null}},"44":{"start":{"line":118,"column":21},"end":{"line":118,"column":null}},"45":{"start":{"line":119,"column":4},"end":{"line":122,"column":null}},"46":{"start":{"line":120,"column":6},"end":{"line":120,"column":null}},"47":{"start":{"line":120,"column":25},"end":{"line":120,"column":null}},"48":{"start":{"line":121,"column":6},"end":{"line":121,"column":null}},"49":{"start":{"line":124,"column":18},"end":{"line":124,"column":null}},"50":{"start":{"line":125,"column":4},"end":{"line":134,"column":null}},"51":{"start":{"line":126,"column":38},"end":{"line":126,"column":null}},"52":{"start":{"line":127,"column":6},"end":{"line":127,"column":null}},"53":{"start":{"line":128,"column":6},"end":{"line":128,"column":null}},"54":{"start":{"line":129,"column":6},"end":{"line":129,"column":null}},"55":{"start":{"line":129,"column":29},"end":{"line":129,"column":null}},"56":{"start":{"line":130,"column":22},"end":{"line":130,"column":null}},"57":{"start":{"line":131,"column":6},"end":{"line":131,"column":null}},"58":{"start":{"line":131,"column":19},"end":{"line":131,"column":null}},"59":{"start":{"line":132,"column":6},"end":{"line":132,"column":null}},"60":{"start":{"line":132,"column":49},"end":{"line":132,"column":null}},"61":{"start":{"line":133,"column":6},"end":{"line":133,"column":null}},"62":{"start":{"line":136,"column":4},"end":{"line":147,"column":null}},"63":{"start":{"line":137,"column":6},"end":{"line":137,"column":null}},"64":{"start":{"line":138,"column":4},"end":{"line":147,"column":null}},"65":{"start":{"line":139,"column":22},"end":{"line":139,"column":null}},"66":{"start":{"line":140,"column":6},"end":{"line":143,"column":null}},"67":{"start":{"line":141,"column":8},"end":{"line":141,"column":null}},"68":{"start":{"line":141,"column":35},"end":{"line":141,"column":null}},"69":{"start":{"line":142,"column":8},"end":{"line":142,"column":null}},"70":{"start":{"line":144,"column":6},"end":{"line":146,"column":null}},"71":{"start":{"line":145,"column":8},"end":{"line":145,"column":null}},"72":{"start":{"line":150,"column":20},"end":{"line":151,"column":null}},"73":{"start":{"line":150,"column":21},"end":{"line":151,"column":null}},"74":{"start":{"line":154,"column":15},"end":{"line":154,"column":null}},"75":{"start":{"line":155,"column":16},"end":{"line":155,"column":null}},"76":{"start":{"line":156,"column":20},"end":{"line":156,"column":null}},"77":{"start":{"line":158,"column":2},"end":{"line":158,"column":null}},"78":{"start":{"line":168,"column":37},"end":{"line":168,"column":null}},"79":{"start":{"line":171,"column":2},"end":{"line":180,"column":null}},"80":{"start":{"line":172,"column":4},"end":{"line":179,"column":null}},"81":{"start":{"line":182,"column":26},"end":{"line":182,"column":null}},"82":{"start":{"line":183,"column":2},"end":{"line":183,"column":null}},"83":{"start":{"line":183,"column":13},"end":{"line":183,"column":null}},"84":{"start":{"line":184,"column":2},"end":{"line":184,"column":null}},"85":{"start":{"line":184,"column":12},"end":{"line":184,"column":null}},"86":{"start":{"line":185,"column":2},"end":{"line":185,"column":null}},"87":{"start":{"line":185,"column":17},"end":{"line":185,"column":null}},"88":{"start":{"line":187,"column":2},"end":{"line":187,"column":null}}},"fnMap":{"0":{"name":"(anonymous_0)","decl":{"start":{"line":37,"column":50},"end":{"line":37,"column":51}},"loc":{"start":{"line":37,"column":63},"end":{"line":37,"column":68}},"line":37},"1":{"name":"(anonymous_1)","decl":{"start":{"line":37,"column":77},"end":{"line":37,"column":78}},"loc":{"start":{"line":37,"column":88},"end":{"line":37,"column":117}},"line":37},"2":{"name":"stripMarkdownLinks","decl":{"start":{"line":39,"column":9},"end":{"line":39,"column":28}},"loc":{"start":{"line":39,"column":50},"end":{"line":41,"column":null}},"line":39},"3":{"name":"normalizeLine","decl":{"start":{"line":43,"column":9},"end":{"line":43,"column":23}},"loc":{"start":{"line":43,"column":45},"end":{"line":49,"column":null}},"line":43},"4":{"name":"matchFieldLabel","decl":{"start":{"line":52,"column":9},"end":{"line":52,"column":25}},"loc":{"start":{"line":52,"column":64},"end":{"line":62,"column":null}},"line":52},"5":{"name":"escapeRegex","decl":{"start":{"line":64,"column":9},"end":{"line":64,"column":21}},"loc":{"start":{"line":64,"column":43},"end":{"line":66,"column":null}},"line":64},"6":{"name":"truncateAtTrailingMetadata","decl":{"start":{"line":68,"column":9},"end":{"line":68,"column":36}},"loc":{"start":{"line":68,"column":58},"end":{"line":79,"column":null}},"line":68},"7":{"name":"containsTrailingMetadata","decl":{"start":{"line":81,"column":9},"end":{"line":81,"column":34}},"loc":{"start":{"line":81,"column":57},"end":{"line":86,"column":null}},"line":81},"8":{"name":"(anonymous_8)","decl":{"start":{"line":82,"column":39},"end":{"line":82,"column":40}},"loc":{"start":{"line":82,"column":50},"end":{"line":85,"column":3}},"line":82},"9":{"name":"isSectionHeading","decl":{"start":{"line":89,"column":9},"end":{"line":89,"column":26}},"loc":{"start":{"line":89,"column":49},"end":{"line":91,"column":null}},"line":89},"10":{"name":"extractHeadingTitle","decl":{"start":{"line":93,"column":9},"end":{"line":93,"column":29}},"loc":{"start":{"line":93,"column":51},"end":{"line":95,"column":null}},"line":93},"11":{"name":"extractFields","decl":{"start":{"line":103,"column":9},"end":{"line":103,"column":23}},"loc":{"start":{"line":103,"column":88},"end":{"line":159,"column":null}},"line":103},"12":{"name":"(anonymous_12)","decl":{"start":{"line":150,"column":20},"end":{"line":150,"column":21}},"loc":{"start":{"line":150,"column":21},"end":{"line":151,"column":null}},"line":150},"13":{"name":"normalizeRequirementText","decl":{"start":{"line":167,"column":16},"end":{"line":167,"column":41}},"loc":{"start":{"line":167,"column":62},"end":{"line":188,"column":null}},"line":167}},"branchMap":{"0":{"loc":{"start":{"line":55,"column":4},"end":{"line":55,"column":null}},"type":"if","locations":[{"start":{"line":55,"column":4},"end":{"line":55,"column":null}},{"start":{},"end":{}}],"line":55},"1":{"loc":{"start":{"line":56,"column":4},"end":{"line":59,"column":null}},"type":"if","locations":[{"start":{"line":56,"column":4},"end":{"line":59,"column":null}},{"start":{},"end":{}}],"line":56},"2":{"loc":{"start":{"line":56,"column":8},"end":{"line":56,"column":76}},"type":"binary-expr","locations":[{"start":{"line":56,"column":8},"end":{"line":56,"column":43}},{"start":{"line":56,"column":43},"end":{"line":56,"column":76}}],"line":56},"3":{"loc":{"start":{"line":74,"column":4},"end":{"line":76,"column":null}},"type":"if","locations":[{"start":{"line":74,"column":4},"end":{"line":76,"column":null}},{"start":{},"end":{}}],"line":74},"4":{"loc":{"start":{"line":74,"column":8},"end":{"line":74,"column":39}},"type":"binary-expr","locations":[{"start":{"line":74,"column":8},"end":{"line":74,"column":17}},{"start":{"line":74,"column":17},"end":{"line":74,"column":39}}],"line":74},"5":{"loc":{"start":{"line":117,"column":4},"end":{"line":117,"column":null}},"type":"if","locations":[{"start":{"line":117,"column":4},"end":{"line":117,"column":null}},{"start":{},"end":{}}],"line":117},"6":{"loc":{"start":{"line":118,"column":4},"end":{"line":118,"column":null}},"type":"if","locations":[{"start":{"line":118,"column":4},"end":{"line":118,"column":null}},{"start":{},"end":{}}],"line":118},"7":{"loc":{"start":{"line":119,"column":4},"end":{"line":122,"column":null}},"type":"if","locations":[{"start":{"line":119,"column":4},"end":{"line":122,"column":null}},{"start":{},"end":{}}],"line":119},"8":{"loc":{"start":{"line":120,"column":6},"end":{"line":120,"column":null}},"type":"if","locations":[{"start":{"line":120,"column":6},"end":{"line":120,"column":null}},{"start":{},"end":{}}],"line":120},"9":{"loc":{"start":{"line":125,"column":4},"end":{"line":134,"column":null}},"type":"if","locations":[{"start":{"line":125,"column":4},"end":{"line":134,"column":null}},{"start":{},"end":{}}],"line":125},"10":{"loc":{"start":{"line":129,"column":6},"end":{"line":129,"column":null}},"type":"if","locations":[{"start":{"line":129,"column":6},"end":{"line":129,"column":null}},{"start":{},"end":{}}],"line":129},"11":{"loc":{"start":{"line":131,"column":6},"end":{"line":131,"column":null}},"type":"if","locations":[{"start":{"line":131,"column":6},"end":{"line":131,"column":null}},{"start":{},"end":{}}],"line":131},"12":{"loc":{"start":{"line":132,"column":6},"end":{"line":132,"column":null}},"type":"if","locations":[{"start":{"line":132,"column":6},"end":{"line":132,"column":null}},{"start":{},"end":{}}],"line":132},"13":{"loc":{"start":{"line":136,"column":4},"end":{"line":147,"column":null}},"type":"if","locations":[{"start":{"line":136,"column":4},"end":{"line":147,"column":null}},{"start":{"line":138,"column":4},"end":{"line":147,"column":null}}],"line":136},"14":{"loc":{"start":{"line":138,"column":4},"end":{"line":147,"column":null}},"type":"if","locations":[{"start":{"line":138,"column":4},"end":{"line":147,"column":null}},{"start":{},"end":{}}],"line":138},"15":{"loc":{"start":{"line":140,"column":6},"end":{"line":143,"column":null}},"type":"if","locations":[{"start":{"line":140,"column":6},"end":{"line":143,"column":null}},{"start":{},"end":{}}],"line":140},"16":{"loc":{"start":{"line":141,"column":8},"end":{"line":141,"column":null}},"type":"if","locations":[{"start":{"line":141,"column":8},"end":{"line":141,"column":null}},{"start":{},"end":{}}],"line":141},"17":{"loc":{"start":{"line":144,"column":6},"end":{"line":146,"column":null}},"type":"if","locations":[{"start":{"line":144,"column":6},"end":{"line":146,"column":null}},{"start":{},"end":{}}],"line":144},"18":{"loc":{"start":{"line":151,"column":5},"end":{"line":151,"column":24}},"type":"binary-expr","locations":[{"start":{"line":151,"column":5},"end":{"line":151,"column":20}},{"start":{"line":151,"column":20},"end":{"line":151,"column":24}}],"line":151},"19":{"loc":{"start":{"line":154,"column":15},"end":{"line":154,"column":null}},"type":"binary-expr","locations":[{"start":{"line":154,"column":15},"end":{"line":154,"column":43}},{"start":{"line":154,"column":43},"end":{"line":154,"column":null}}],"line":154},"20":{"loc":{"start":{"line":155,"column":16},"end":{"line":155,"column":null}},"type":"binary-expr","locations":[{"start":{"line":155,"column":16},"end":{"line":155,"column":38}},{"start":{"line":155,"column":38},"end":{"line":155,"column":null}}],"line":155},"21":{"loc":{"start":{"line":171,"column":2},"end":{"line":180,"column":null}},"type":"if","locations":[{"start":{"line":171,"column":2},"end":{"line":180,"column":null}},{"start":{},"end":{}}],"line":171},"22":{"loc":{"start":{"line":171,"column":6},"end":{"line":171,"column":37}},"type":"binary-expr","locations":[{"start":{"line":171,"column":6},"end":{"line":171,"column":15}},{"start":{"line":171,"column":15},"end":{"line":171,"column":25}},{"start":{"line":171,"column":25},"end":{"line":171,"column":37}}],"line":171},"23":{"loc":{"start":{"line":183,"column":2},"end":{"line":183,"column":null}},"type":"if","locations":[{"start":{"line":183,"column":2},"end":{"line":183,"column":null}},{"start":{},"end":{}}],"line":183},"24":{"loc":{"start":{"line":184,"column":2},"end":{"line":184,"column":null}},"type":"if","locations":[{"start":{"line":184,"column":2},"end":{"line":184,"column":null}},{"start":{},"end":{}}],"line":184},"25":{"loc":{"start":{"line":185,"column":2},"end":{"line":185,"column":null}},"type":"if","locations":[{"start":{"line":185,"column":2},"end":{"line":185,"column":null}},{"start":{},"end":{}}],"line":185}},"s":{"0":1,"1":1,"2":1,"3":23,"4":23,"5":22,"6":22,"7":22,"8":22,"9":22,"10":22,"11":16,"12":16,"13":298,"14":0,"15":298,"16":10,"17":10,"18":6,"19":501,"20":13,"21":13,"22":13,"23":260,"24":260,"25":260,"26":2,"27":13,"28":13,"29":241,"30":241,"31":17,"32":1,"33":3,"34":3,"35":3,"36":3,"37":3,"38":3,"39":3,"40":3,"41":22,"42":5,"43":17,"44":0,"45":17,"46":1,"47":1,"48":1,"49":16,"50":16,"51":10,"52":10,"53":10,"54":10,"55":10,"56":10,"57":10,"58":10,"59":10,"60":1,"61":10,"62":6,"63":3,"64":3,"65":3,"66":3,"67":3,"68":0,"69":3,"70":3,"71":0,"72":3,"73":9,"74":3,"75":3,"76":3,"77":3,"78":3,"79":3,"80":0,"81":3,"82":3,"83":3,"84":3,"85":3,"86":3,"87":3,"88":3},"f":{"0":23,"1":23,"2":22,"3":22,"4":16,"5":501,"6":13,"7":13,"8":241,"9":17,"10":1,"11":3,"12":9,"13":3},"b":{"0":[0,298],"1":[10,288],"2":[298,294],"3":[2,258],"4":[260,6],"5":[5,17],"6":[0,17],"7":[1,16],"8":[1,0],"9":[10,6],"10":[10,0],"11":[10,0],"12":[1,9],"13":[3,3],"14":[3,0],"15":[3,0],"16":[0,3],"17":[0,3],"18":[9,1],"19":[3,1],"20":[3,0],"21":[0,3],"22":[3,0,0],"23":[3,0],"24":[3,0],"25":[3,0]},"meta":{"lastBranch":26,"lastFunction":14,"lastStatement":89,"seen":{"s:10:55:34:Infinity":0,"s:36:26:36:Infinity":1,"s:37:33:37:Infinity":2,"f:37:50:37:51":0,"s:37:63:37:68":3,"f:37:77:37:78":1,"s:37:88:37:117":4,"f:39:9:39:28":2,"s:40:2:40:Infinity":5,"f:43:9:43:23":3,"s:44:10:44:Infinity":6,"s:45:2:45:Infinity":7,"s:46:2:46:Infinity":8,"s:47:2:47:Infinity":9,"s:48:2:48:Infinity":10,"f:52:9:52:25":4,"s:53:18:53:Infinity":11,"s:54:2:60:Infinity":12,"b:55:4:55:Infinity:undefined:undefined:undefined:undefined":0,"s:55:4:55:Infinity":13,"s:55:27:55:Infinity":14,"b:56:4:59:Infinity:undefined:undefined:undefined:undefined":1,"s:56:4:59:Infinity":15,"b:56:8:56:43:56:43:56:76":2,"s:57:24:57:Infinity":16,"s:58:6:58:Infinity":17,"s:61:2:61:Infinity":18,"f:64:9:64:21":5,"s:65:2:65:Infinity":19,"f:68:9:68:36":6,"s:69:18:69:Infinity":20,"s:70:15:70:Infinity":21,"s:71:2:77:Infinity":22,"s:72:18:72:Infinity":23,"s:73:18:73:Infinity":24,"b:74:4:76:Infinity:undefined:undefined:undefined:undefined":3,"s:74:4:76:Infinity":25,"b:74:8:74:17:74:17:74:39":4,"s:75:6:75:Infinity":26,"s:78:2:78:Infinity":27,"f:81:9:81:34":7,"s:82:2:85:Infinity":28,"f:82:39:82:40":8,"s:83:18:83:Infinity":29,"s:84:4:84:Infinity":30,"f:89:9:89:26":9,"s:90:2:90:Infinity":31,"f:93:9:93:29":10,"s:94:2:94:Infinity":32,"f:103:9:103:23":11,"s:104:16:107:Infinity":33,"s:109:30:109:Infinity":34,"s:110:43:110:Infinity":35,"s:111:36:111:Infinity":36,"s:112:19:112:Infinity":37,"s:113:20:113:Infinity":38,"s:114:21:114:Infinity":39,"s:116:2:148:Infinity":40,"b:117:4:117:Infinity:undefined:undefined:undefined:undefined":5,"s:117:4:117:Infinity":41,"s:117:15:117:Infinity":42,"b:118:4:118:Infinity:undefined:undefined:undefined:undefined":6,"s:118:4:118:Infinity":43,"s:118:21:118:Infinity":44,"b:119:4:122:Infinity:undefined:undefined:undefined:undefined":7,"s:119:4:122:Infinity":45,"b:120:6:120:Infinity:undefined:undefined:undefined:undefined":8,"s:120:6:120:Infinity":46,"s:120:25:120:Infinity":47,"s:121:6:121:Infinity":48,"s:124:18:124:Infinity":49,"b:125:4:134:Infinity:undefined:undefined:undefined:undefined":9,"s:125:4:134:Infinity":50,"s:126:38:126:Infinity":51,"s:127:6:127:Infinity":52,"s:128:6:128:Infinity":53,"b:129:6:129:Infinity:undefined:undefined:undefined:undefined":10,"s:129:6:129:Infinity":54,"s:129:29:129:Infinity":55,"s:130:22:130:Infinity":56,"b:131:6:131:Infinity:undefined:undefined:undefined:undefined":11,"s:131:6:131:Infinity":57,"s:131:19:131:Infinity":58,"b:132:6:132:Infinity:undefined:undefined:undefined:undefined":12,"s:132:6:132:Infinity":59,"s:132:49:132:Infinity":60,"s:133:6:133:Infinity":61,"b:136:4:147:Infinity:138:4:147:Infinity":13,"s:136:4:147:Infinity":62,"s:137:6:137:Infinity":63,"b:138:4:147:Infinity:undefined:undefined:undefined:undefined":14,"s:138:4:147:Infinity":64,"s:139:22:139:Infinity":65,"b:140:6:143:Infinity:undefined:undefined:undefined:undefined":15,"s:140:6:143:Infinity":66,"b:141:8:141:Infinity:undefined:undefined:undefined:undefined":16,"s:141:8:141:Infinity":67,"s:141:35:141:Infinity":68,"s:142:8:142:Infinity":69,"b:144:6:146:Infinity:undefined:undefined:undefined:undefined":17,"s:144:6:146:Infinity":70,"s:145:8:145:Infinity":71,"s:150:20:151:Infinity":72,"f:150:20:150:21":12,"s:150:21:151:Infinity":73,"b:151:5:151:20:151:20:151:24":18,"s:154:15:154:Infinity":74,"b:154:15:154:43:154:43:154:Infinity":19,"s:155:16:155:Infinity":75,"b:155:16:155:38:155:38:155:Infinity":20,"s:156:20:156:Infinity":76,"s:158:2:158:Infinity":77,"f:167:16:167:41":13,"s:168:37:168:Infinity":78,"b:171:2:180:Infinity:undefined:undefined:undefined:undefined":21,"s:171:2:180:Infinity":79,"b:171:6:171:15:171:15:171:25:171:25:171:37":22,"s:172:4:179:Infinity":80,"s:182:26:182:Infinity":81,"b:183:2:183:Infinity:undefined:undefined:undefined:undefined":23,"s:183:2:183:Infinity":82,"s:183:13:183:Infinity":83,"b:184:2:184:Infinity:undefined:undefined:undefined:undefined":24,"s:184:2:184:Infinity":84,"s:184:12:184:Infinity":85,"b:185:2:185:Infinity:undefined:undefined:undefined:undefined":25,"s:185:2:185:Infinity":86,"s:185:17:185:Infinity":87,"s:187:2:187:Infinity":88},"fnNames":{}}}
}
